<?xml version="1.0" encoding="UTF-8"?><testsuite errors="0" failures="0" name="io.cucumber.core.plugin.JUnitFormatter" skipped="0" tests="1" time="20.651">
<testcase classname="Search by keywords" name="Searching for a term-new" time="19.652">
<system-out><![CDATA[Given user is already on login page.........................................passed
When title of the login page is Free CRM....................................passed
Then close the browser......................................................passed
]]></system-out>
</testcase>
</testsuite>
